<?xml version="1.0" encoding="UTF-8"?>
<!-- Generated by org.testng.reporters.JUnitReportReporter -->
<testsuite hostname="Mehedi" name="com.shopstyle.RegressionTestSuite" tests="3" failures="0" timestamp="15 Mar 2015 05:11:34 GMT" time="4.314" errors="0">
  <testcase name="verifyInvalidNewsletterSignUp" time="1.452" classname="com.shopstyle.RegressionTestSuite"/>
  <testcase name="verifyValidNewsletterSignUp" time="2.002" classname="com.shopstyle.RegressionTestSuite"/>
  <testcase name="verifyBlankNewsletterSignUp" time="0.860" classname="com.shopstyle.RegressionTestSuite"/>
</testsuite> <!-- com.shopstyle.RegressionTestSuite -->
