<?xml version="1.0" encoding="UTF-8"?>
<!-- Generated by org.testng.reporters.JUnitReportReporter -->
<testsuite hostname="Mehedi-PC" name="com.shopstyle.RegressionTestSuite" tests="3" failures="0" timestamp="17 Mar 2015 06:17:22 GMT" time="4.323" errors="0">
  <testcase name="verifyInvalidNewsletterSignUp" time="1.462" classname="com.shopstyle.RegressionTestSuite"/>
  <testcase name="verifyValidNewsletterSignUp" time="1.933" classname="com.shopstyle.RegressionTestSuite"/>
  <testcase name="verifyBlankNewsletterSignUp" time="0.928" classname="com.shopstyle.RegressionTestSuite"/>
</testsuite> <!-- com.shopstyle.RegressionTestSuite -->
